-1510541248
82013
-1510623261
-1511436462
54675
-1510623261
228644641
52813
228591828
228614401
35209
228591828
1578515520
2042546333
1788390151
258064
569962805
-569704741
257050
1811630969
-569704741
-1205354096
75661
-1205429757
-1207111238
50441
-1205429757
723078713
1384206521
-661127808
722461585
922804347
-200342762
721844459
-1455380387
-200342762
356409
450259554
-449903145
355217
300173036
-299817819
354027
-1922353870
1922707897
352839
1039097282
1922707897
352836
1022787333
-1022434497
351650
2113513987
-1022434497
917764
1105620866
2084643328
1832093713
26450
1832067263
1831531073
17634
1832067263
-1779746727
416785
-1780163512
-1779957487
277857
-1780163512
161604
1626942449
1041244003
501768681
149058
501619623
499868741
99372
501619623
627952185
1141622049
-513669864
627425509
-2102230165
-513669864
1509068800
1629811193
-120742393
1507636866
1086540795
421096071
1506204934
-1332578051
421096071
490000
-1274923534
1275413534
488602
2013362508
1275413534
36929929
202885
36727044
36917777
135257
36782520
36905627
101443
36804184
36893479
81155
36812324
36881333
67629
36813704
36869189
57967
36813704
-741379919
1257971300
-787502990
2045474290
1256864594
-1956657758
2045474290
-601120220
1280698057
1132450963
-1410068028
517631304
1849636660
932777201
407705
932369496
931310501
271803
932369496
922252073
9385
922242688
921452485
6257
922242688
5625
-753659571
1507324768
739379932
1360631620
-1314127838
-306080000
118400249
1575898354
1261570837
33856
459013490
-458979634
33490
306008994
-305975504
33126
229506746
-229473620
32764
183605396
-183572632
32404
153004498
-152972094
32046
744713468
-152972094
1
1774793705
745379888
400
1076120994
2142725708
177241
-273408000
546993241
2916
801891336
-801888420
2810
1966249990
-801888420
-626917495
44701
-626962196
-628194043
29801
-626962196
-1932027376
-1812441131
1692854887
1484818665
212552
1484606113
1483435589
141702
1484606113
-727379969
47089
-1550303246
1550350335
46657
1829776034
1550350335
59049
2017712813
259600720
84100
2093191906
108667584
718141737
-562859231
1843860200
160000
2036889373
221348551
1016337284
13613
1016323671
1014930250
9075
1016323671
291631969
355325
291276644
291044805
236883
291276644
-9
585225
-1355449118
1356034343
583697
528023020
1356034343
643554340
368082
643186258
643061298
245388
643186258
-1822239836
393385
-1822633221
-1822404366
262257
-1822633221
1261659152
412232
1261246920
1260624650
274822
1261246920
-1261973039
119072
-1262092111
-1262524571
79382
-1262092111
231361
2020656754
253885149
-689741948
1682294784
1922930564
-690131638
1121529856
1922930564
212521
-1225136798
1225349319
211601
2046553666
1225349319
114244
-960544640
1921203524
1557696209
269378
1557426831
1557150053
179586
1557426831
-1216214556
10368
-1216224924
-1218019910
6912
-1216224924
541074121
-1830430606
-93031963
1681
-1253441358
1253443039
1601
596028194
1253443039
1874544793
18818
1874525975
1872726545
12546
1874525975
-1618863872
445988978
1784125468
861025265
437113
860588152
860247617
291409
860588152
-1752874780
1736744081
805348435
-1754499182
-1705482143
805348435
538756
1037327381
-1036788625
537290
2123207353
-1036788625
491605776
1058
491604718
490910794
706
491604718
2082487737
42632
2082445105
2080502161
28422
2082445105
1125803812
1675790880
2069189348
-207810560
1141403784
1804349168
1608048977
-6756655
1621562288
912025
-1001691008
2004294041
-731379964
2
-731379966
-731379966
1337439945
168200
1337271745
1335909649
112134
1337271745
-2114654144
233245
-2114887389
-2115603918
155497
-2114887389
216225
-2013833439
2014049664
215297
1520755905
2014049664
224676
1559085512
1177020948
226197889
-604645511
1435488912
4
1778793677
737379947
1357754624
341965
1357412659
1357400098
227977
1357412659
622521
691473805
-690851284
620945
460982537
-460361592
619371
345736903
-345117532
617799
1135582981
-345117532
452929
-2020564344
2021017273
451585
84612870
2021017273
710649
1466529096
1362619753
9604
-2039844895
2039854499
9410
71759169
2039854499
-394348927
-223527966
52707005
2093004401
374978
2092629423
2092425793
249986
2092629423
-35775228
618881281
-654656509
-36940158
-1019068245
982128087
-38105086
309440641
982128087
-1
-2007905199
529802841
1757259256
-2009636799
1784857659
1757259256
1140852025
-1643030400
131945529
-593047868
319201
-593367069
-593915934
212801
-593367069
-4
-488381660
-1003802424
1519223188
-1184156311
72
-1184156383
-1185566319
48
-1184156383
-990643351
-816139678
641636005
1037784720
-41500739
1120786199
447561
1305323597
1684767664
-1717195200
1682
-1717196882
-1718634606
1122
-1717196882
1755187785
141512
1755046273
1753496965
94342
1755046273
137641
1164361864
1966381209
2074560004
-820571615
-579264061
240008208
45905
239962303
239779082
30603
239962303
705600
2073543725
148585447
-2114170695
57461
-2114228156
-2114264091
38307
-2114228156
